
Let me check the current fix plan and project state.


⚡ [Read]



⚡ [Bash]



⚡ [Bash]



⚡ [Bash]



⚡ [Bash]



⚡ [Bash]



⚡ [Bash]

The bash shell is crashing due to a shared library issue with Git's bash on your system. This is a known Windows issue where the path containing spaces ("OneDrive/Documentos/codigo") causes problems with cygwin's library loading.

Let me work with the tools I can use (Read, Edit, Glob, Grep) and focus on the highest priority task from the fix plan. Based on the plan, **BUILD-01** (fix TypeScript errors) and **SEC-03** (no service_role key exposure) are the most critical.

Let me start by checking for security issues and code quality problems using file tools.


⚡ [Agent]



⚡ [Agent]



⚡ [Agent]




⚡ [ToolSearch]



Good findings from the audit. Let me set up tasks and start fixing the issues.


⚡ [TodoWrite]



⚡ [Read]



⚡ [Read]



⚡ [Read]



⚡ [Read]


Looking at the actual current code, Profile.tsx, CompanyOnboarding.tsx, and WorkerOnboarding.tsx look clean - no unused imports. The agent's report was likely based on older file state. NotificationContext.tsx already uses `as any` cast at line 55 to handle the property access.

Let me check Dashboard.tsx which was flagged with type issues, and try to run the build.


⚡ [Read]



⚡ [Bash]


Bash is broken on this system. Let me try PowerShell.


⚡ [Bash]



⚡ [Bash]



⚡ [Bash]



⚡ [Bash]



⚡ [Bash]



⚡ [Bash]



⚡ [Bash]

It seems like shell commands need approval. Let me proceed with what I can see from the code and fix the issues I've identified by reading the files. Let me now check the remaining files that were flagged.


⚡ [TodoWrite]

After reading the actual current files, here's the real status:

- **Profile.tsx**: All imports are actually used. No fix needed.
- **CompanyOnboarding.tsx**: No `TrendingUp` import - it's clean.
- **WorkerOnboarding.tsx**: No `MapPin` import - it's clean.
- **NotificationContext.tsx**: Already uses `as any` cast at line 55, so no TypeScript error.
- **Dashboard.tsx**: Uses proper `as unknown as NextJobData` and `as unknown as HistoryItem[]` casts at lines 68 and 85 - type-safe.

The agent's initial report was based on incorrect assumptions. Let me now check the files that are actually modified (from git status) for real issues.


⚡ [Agent]



⚡ [Agent]



⚡ [Agent]

Excellent! Found **critical bugs**. Let me fix them now.


⚡ [TodoWrite]



⚡ [Read]



⚡ [Read]



⚡ [Read]



⚡ [Read]

Found the critical bugs. Let me fix them now.

**Critical fix 1**: `stripe-payout/index.ts` line 21 - `supabaseAdminAdmin` should be `supabaseAdmin`


⚡ [Edit]



⚡ [TodoWrite]

**Critical fix 2**: `stripe-transfer/index.ts` line 21 - same typo


⚡ [Edit]

**Fix 3**: Add `job` property to `EscrowTransaction` type in `walletService.ts`


⚡ [Edit]

**Fix 4**: Fix `as any` cast in `MyJobs.tsx` line 262


⚡ [Edit]



⚡ [TodoWrite]

Let me try to run the build to verify:


⚡ [Bash]



⚡ [Bash]

I can't run shell commands right now due to permission issues. Let me update the fix plan with what was accomplished.


⚡ [Read]



⚡ [Edit]



⚡ [Edit]



⚡ [Edit]



⚡ [Edit]



⚡ [TodoWrite]

## Summary

### Critical Bugs Fixed

1. **`stripe-payout/index.ts:21`** - `supabaseAdminAdmin` typo fixed to `supabaseAdmin`. This was **crashing all payout requests** at runtime since the variable didn't exist.

2. **`stripe-transfer/index.ts:21`** - Same `supabaseAdminAdmin` typo fixed. This was **crashing all job payment transfers**.

### Type Safety Fixes

3. **`walletService.ts:23-33`** - Added missing `job?: { title: string }` property to `EscrowTransaction` interface. The `getCompanyEscrows()` method joins with `jobs(title)` but the type didn't reflect it.

4. **`MyJobs.tsx:262`** - Replaced `as any` cast with proper `as typeof activeTab` for type safety.

### Audit Results (No Issues Found)

- **SEC-03**: No `service_role` keys exposed in frontend code
- **SEC-01**: All edge functions have proper CORS and auth handling
- **CLEAN-03**: No remaining references to deleted files (AsaasApprovalBanner, AsaasStatus, useAsaasStatus)
- Frontend files (Profile, CompanyOnboarding, WorkerOnboarding, Dashboard, etc.) are all clean

### Note
Bash is currently broken on your system (cygwin shared library error with paths containing spaces). You'll need to verify the build with `cd frontend && npm run build` once your shell is working again.

---RALPH_STATUS---
STATUS: COMPLETE
TASKS_COMPLETED_THIS_LOOP: 4
FILES_MODIFIED: 4
TESTS_STATUS: NOT_RUN
WORK_TYPE: BUGFIX
EXIT_SIGNAL: false
RECOMMENDATION: Run `npm run build` to verify, then tackle SEC-02 (RLS policies audit) or BUILD-02 (ESLint fixes)
---END_RALPH_STATUS---
